<?xml version="1.0" encoding="UTF-8"?>
<testng-results ignored="0" total="6" passed="6" failed="0" skipped="0">
  <reporter-output>
  </reporter-output>
  <suite started-at="2022-10-26T12:39:50 IST" name="Suite" finished-at="2022-10-26T12:41:00 IST" duration-ms="69809">
    <groups>
    </groups>
    <test started-at="2022-10-26T12:39:50 IST" name="Admin scenario_1" finished-at="2022-10-26T12:41:00 IST" duration-ms="69809">
      <class name="scenario_1testcase.scenario2testcase">
        <test-method is-config="true" signature="report()[pri:0, instance:scenario_1testcase.scenario2testcase@1bd4fdd]" started-at="2022-10-26T12:39:50 IST" name="report" finished-at="2022-10-26T12:39:50 IST" duration-ms="300" status="PASS">
          <reporter-output>
          </reporter-output>
        </test-method> <!-- report -->
        <test-method is-config="true" signature="setup()[pri:0, instance:scenario_1testcase.scenario2testcase@1bd4fdd]" started-at="2022-10-26T12:40:23 IST" name="setup" finished-at="2022-10-26T12:40:24 IST" duration-ms="949" status="PASS">
          <reporter-output>
          </reporter-output>
        </test-method> <!-- setup -->
        <test-method signature="beforeupdatestudentmarks()[pri:1, instance:scenario_1testcase.scenario2testcase@1bd4fdd]" started-at="2022-10-26T12:40:24 IST" name="beforeupdatestudentmarks" finished-at="2022-10-26T12:40:38 IST" duration-ms="14751" status="PASS">
          <reporter-output>
          </reporter-output>
        </test-method> <!-- beforeupdatestudentmarks -->
        <test-method is-config="true" signature="result(org.testng.ITestResult)[pri:0, instance:scenario_1testcase.scenario2testcase@1bd4fdd]" started-at="2022-10-26T12:40:38 IST" name="result" finished-at="2022-10-26T12:40:38 IST" duration-ms="228" status="PASS">
          <params>
            <param index="0">
              <value>
                <![CDATA[[TestResult name=beforeupdatestudentmarks status=SUCCESS method=scenario2testcase.beforeupdatestudentmarks()[pri:1, instance:scenario_1testcase.scenario2testcase@1bd4fdd] output={null}]]]>
              </value>
            </param>
          </params>
          <reporter-output>
          </reporter-output>
        </test-method> <!-- result -->
        <test-method is-config="true" signature="setup()[pri:0, instance:scenario_1testcase.scenario2testcase@1bd4fdd]" started-at="2022-10-26T12:40:38 IST" name="setup" finished-at="2022-10-26T12:40:39 IST" duration-ms="958" status="PASS">
          <reporter-output>
          </reporter-output>
        </test-method> <!-- setup -->
        <test-method signature="adminupdatestudentmarks()[pri:2, instance:scenario_1testcase.scenario2testcase@1bd4fdd]" started-at="2022-10-26T12:40:39 IST" name="adminupdatestudentmarks" finished-at="2022-10-26T12:40:44 IST" duration-ms="4677" status="PASS">
          <reporter-output>
          </reporter-output>
        </test-method> <!-- adminupdatestudentmarks -->
        <test-method is-config="true" signature="result(org.testng.ITestResult)[pri:0, instance:scenario_1testcase.scenario2testcase@1bd4fdd]" started-at="2022-10-26T12:40:44 IST" name="result" finished-at="2022-10-26T12:40:44 IST" duration-ms="177" status="PASS">
          <params>
            <param index="0">
              <value>
                <![CDATA[[TestResult name=adminupdatestudentmarks status=SUCCESS method=scenario2testcase.adminupdatestudentmarks()[pri:2, instance:scenario_1testcase.scenario2testcase@1bd4fdd] output={null}]]]>
              </value>
            </param>
          </params>
          <reporter-output>
          </reporter-output>
        </test-method> <!-- result -->
        <test-method is-config="true" signature="setup()[pri:0, instance:scenario_1testcase.scenario2testcase@1bd4fdd]" started-at="2022-10-26T12:40:44 IST" name="setup" finished-at="2022-10-26T12:40:45 IST" duration-ms="990" status="PASS">
          <reporter-output>
          </reporter-output>
        </test-method> <!-- setup -->
        <test-method signature="afterstudentmarksupdate()[pri:3, instance:scenario_1testcase.scenario2testcase@1bd4fdd]" started-at="2022-10-26T12:40:45 IST" name="afterstudentmarksupdate" finished-at="2022-10-26T12:40:59 IST" depends-on-methods="scenario_1testcase.scenario2testcase.adminupdatestudentmarks" duration-ms="13840" status="PASS">
          <reporter-output>
          </reporter-output>
        </test-method> <!-- afterstudentmarksupdate -->
        <test-method is-config="true" signature="result(org.testng.ITestResult)[pri:0, instance:scenario_1testcase.scenario2testcase@1bd4fdd]" started-at="2022-10-26T12:40:59 IST" name="result" finished-at="2022-10-26T12:40:59 IST" duration-ms="215" status="PASS">
          <params>
            <param index="0">
              <value>
                <![CDATA[[TestResult name=afterstudentmarksupdate status=SUCCESS method=scenario2testcase.afterstudentmarksupdate()[pri:3, instance:scenario_1testcase.scenario2testcase@1bd4fdd] output={null}]]]>
              </value>
            </param>
          </params>
          <reporter-output>
          </reporter-output>
        </test-method> <!-- result -->
        <test-method is-config="true" signature="endReport()[pri:0, instance:scenario_1testcase.scenario2testcase@1bd4fdd]" started-at="2022-10-26T12:40:59 IST" name="endReport" finished-at="2022-10-26T12:41:00 IST" duration-ms="289" status="PASS">
          <reporter-output>
          </reporter-output>
        </test-method> <!-- endReport -->
      </class> <!-- scenario_1testcase.scenario2testcase -->
      <class name="scenario_1testcase.testcase">
        <test-method is-config="true" signature="report()[pri:0, instance:scenario_1testcase.testcase@59662a0b]" started-at="2022-10-26T12:39:50 IST" name="report" finished-at="2022-10-26T12:39:50 IST" duration-ms="1" status="PASS">
          <reporter-output>
          </reporter-output>
        </test-method> <!-- report -->
        <test-method is-config="true" signature="setup()[pri:0, instance:scenario_1testcase.testcase@59662a0b]" started-at="2022-10-26T12:39:50 IST" name="setup" finished-at="2022-10-26T12:39:56 IST" duration-ms="6020" status="PASS">
          <reporter-output>
          </reporter-output>
        </test-method> <!-- setup -->
        <test-method signature="collegelinkclicking()[pri:1, instance:scenario_1testcase.testcase@59662a0b]" started-at="2022-10-26T12:39:56 IST" name="collegelinkclicking" finished-at="2022-10-26T12:40:11 IST" duration-ms="14986" status="PASS">
          <reporter-output>
          </reporter-output>
        </test-method> <!-- collegelinkclicking -->
        <test-method is-config="true" signature="result(org.testng.ITestResult)[pri:0, instance:scenario_1testcase.testcase@59662a0b]" started-at="2022-10-26T12:40:11 IST" name="result" finished-at="2022-10-26T12:40:12 IST" duration-ms="1209" status="PASS">
          <params>
            <param index="0">
              <value>
                <![CDATA[[TestResult name=collegelinkclicking status=SUCCESS method=testcase.collegelinkclicking()[pri:1, instance:scenario_1testcase.testcase@59662a0b] output={null}]]]>
              </value>
            </param>
          </params>
          <reporter-output>
          </reporter-output>
        </test-method> <!-- result -->
        <test-method is-config="true" signature="setup()[pri:0, instance:scenario_1testcase.testcase@59662a0b]" started-at="2022-10-26T12:40:12 IST" name="setup" finished-at="2022-10-26T12:40:15 IST" duration-ms="2884" status="PASS">
          <reporter-output>
          </reporter-output>
        </test-method> <!-- setup -->
        <test-method signature="validations()[pri:2, instance:scenario_1testcase.testcase@59662a0b]" started-at="2022-10-26T12:40:15 IST" name="validations" finished-at="2022-10-26T12:40:16 IST" duration-ms="981" status="PASS">
          <reporter-output>
          </reporter-output>
        </test-method> <!-- validations -->
        <test-method is-config="true" signature="result(org.testng.ITestResult)[pri:0, instance:scenario_1testcase.testcase@59662a0b]" started-at="2022-10-26T12:40:16 IST" name="result" finished-at="2022-10-26T12:40:17 IST" duration-ms="601" status="PASS">
          <params>
            <param index="0">
              <value>
                <![CDATA[[TestResult name=validations status=SUCCESS method=testcase.validations()[pri:2, instance:scenario_1testcase.testcase@59662a0b] output={null}]]]>
              </value>
            </param>
          </params>
          <reporter-output>
          </reporter-output>
        </test-method> <!-- result -->
        <test-method is-config="true" signature="setup()[pri:0, instance:scenario_1testcase.testcase@59662a0b]" started-at="2022-10-26T12:40:17 IST" name="setup" finished-at="2022-10-26T12:40:20 IST" duration-ms="3218" status="PASS">
          <reporter-output>
          </reporter-output>
        </test-method> <!-- setup -->
        <test-method signature="delete()[pri:0, instance:scenario_1testcase.testcase@59662a0b]" started-at="2022-10-26T12:40:20 IST" name="delete" finished-at="2022-10-26T12:40:21 IST" depends-on-methods="scenario_1testcase.testcase.validations" duration-ms="1238" status="PASS">
          <reporter-output>
          </reporter-output>
        </test-method> <!-- delete -->
        <test-method is-config="true" signature="result(org.testng.ITestResult)[pri:0, instance:scenario_1testcase.testcase@59662a0b]" started-at="2022-10-26T12:40:21 IST" name="result" finished-at="2022-10-26T12:40:23 IST" duration-ms="1139" status="PASS">
          <params>
            <param index="0">
              <value>
                <![CDATA[[TestResult name=delete status=SUCCESS method=testcase.delete()[pri:0, instance:scenario_1testcase.testcase@59662a0b] output={null}]]]>
              </value>
            </param>
          </params>
          <reporter-output>
          </reporter-output>
        </test-method> <!-- result -->
        <test-method is-config="true" signature="endReport()[pri:0, instance:scenario_1testcase.testcase@59662a0b]" started-at="2022-10-26T12:41:00 IST" name="endReport" finished-at="2022-10-26T12:41:00 IST" duration-ms="88" status="PASS">
          <reporter-output>
          </reporter-output>
        </test-method> <!-- endReport -->
      </class> <!-- scenario_1testcase.testcase -->
    </test> <!-- Admin scenario_1 -->
  </suite> <!-- Suite -->
</testng-results>
