<?xml version="1.0" encoding="UTF-8"?>
<!-- Generated by org.testng.reporters.JUnitXMLReporter -->
<testsuite ignored="0" hostname="DESKTOP-VURRA98" failures="0" tests="6" name="Admin scenario_1" time="69.809" errors="0" timestamp="2022-10-26T12:41:00 IST">
  <testcase classname="scenario_1testcase.testcase" name="collegelinkclicking" time="14.986"/>
  <testcase classname="scenario_1testcase.testcase" name="validations" time="0.981"/>
  <testcase classname="scenario_1testcase.testcase" name="delete" time="1.238"/>
  <testcase classname="scenario_1testcase.scenario2testcase" name="beforeupdatestudentmarks" time="14.751"/>
  <testcase classname="scenario_1testcase.scenario2testcase" name="adminupdatestudentmarks" time="4.677"/>
  <testcase classname="scenario_1testcase.scenario2testcase" name="afterstudentmarksupdate" time="13.84"/>
</testsuite> <!-- Admin scenario_1 -->
